#
# There is insufficient memory for the Java Runtime Environment to continue.
# Native memory allocation (mmap) failed to map 184549376 bytes for G1 virtual space
# Possible reasons:
#   The system is out of physical RAM or swap space
#   The process is running with CompressedOops enabled, and the Java Heap may be blocking the growth of the native heap
# Possible solutions:
#   Reduce memory load on the system
#   Increase physical memory or swap space
#   Check if swap backing store is full
#   Decrease Java heap size (-Xmx/-Xms)
#   Decrease number of Java threads
#   Decrease Java thread stack sizes (-Xss)
#   Set larger code cache with -XX:ReservedCodeCacheSize=
#   JVM is running with Zero Based Compressed Oops mode in which the Java heap is
#     placed in the first 32GB address space. The Java Heap base address is the
#     maximum limit for the native heap growth. Please use -XX:HeapBaseMinAddress
#     to set the Java Heap base and to place the Java Heap above 32GB virtual address.
# This output file may be truncated or incomplete.
#
#  Out of Memory Error (os_windows.cpp:3548), pid=103624, tid=103200
#
# JRE version: Java(TM) SE Runtime Environment (17.0.10+11) (build 17.0.10+11-LTS-240)
# Java VM: Java HotSpot(TM) 64-Bit Server VM (17.0.10+11-LTS-240, mixed mode, emulated-client, sharing, tiered, compressed oops, compressed class ptrs, g1 gc, windows-amd64)
# No core dump will be written. Minidumps are not enabled by default on client versions of Windows
#

---------------  S U M M A R Y ------------

Command Line: -Dfile.encoding=UTF-8 -XX:TieredStopAtLevel=1 -Dspring.output.ansi.enabled=always -Dcom.sun.management.jmxremote -Dspring.jmx.enabled=true -Dspring.liveBeansView.mbeanDomain -Dspring.application.admin.enabled=true -Dmanagement.endpoints.jmx.exposure.include=* -javaagent:C:\Program Files\JetBrains\IntelliJ IDEA 2024.1\lib\idea_rt.jar=57122:C:\Program Files\JetBrains\IntelliJ IDEA 2024.1\bin -Dfile.encoding=UTF-8 org.example.ridinginfomation.Garmin.FitReaderApplication

Host: 11th Gen Intel(R) Core(TM) i5-1135G7 @ 2.40GHz, 8 cores, 23G,  Windows 11 , 64 bit Build 22621 (10.0.22621.4974)
Time: Fri Mar 28 15:21:53 2025  Windows 11 , 64 bit Build 22621 (10.0.22621.4974) elapsed time: 32.297428 seconds (0d 0h 0m 32s)

---------------  T H R E A D  ---------------

Current thread (0x00000195761aac90):  VMThread "VM Thread" [stack: 0x00000089e7d00000,0x00000089e7e00000] [id=103200]

Stack: [0x00000089e7d00000,0x00000089e7e00000]
Native frames: (J=compiled Java code, j=interpreted, Vv=VM code, C=native code)
V  [jvm.dll+0x677a5a]
V  [jvm.dll+0x7d8b2d]
V  [jvm.dll+0x7da48e]
V  [jvm.dll+0x7daaf3]
V  [jvm.dll+0x2455ff]
V  [jvm.dll+0x6749b9]
V  [jvm.dll+0x669382]
V  [jvm.dll+0x302e96]
V  [jvm.dll+0x30a416]
V  [jvm.dll+0x359cbe]
V  [jvm.dll+0x359eef]
V  [jvm.dll+0x2d9e88]
V  [jvm.dll+0x2d8295]
V  [jvm.dll+0x2d789c]
V  [jvm.dll+0x31b18b]
V  [jvm.dll+0x7df30b]
V  [jvm.dll+0x7e0044]
V  [jvm.dll+0x7e055d]
V  [jvm.dll+0x7e0934]
V  [jvm.dll+0x7e0a00]
V  [jvm.dll+0x78888a]
V  [jvm.dll+0x676935]
C  [ucrtbase.dll+0x29333]
C  [KERNEL32.DLL+0x1259d]
C  [ntdll.dll+0x5af38]

VM_Operation (0x00000089e99fc100): G1CollectForAllocation, mode: safepoint, requested by thread 0x000001957bcf6fa0


---------------  P R O C E S S  ---------------

Threads class SMR info:
_java_thread_list=0x000001957baf0f40, length=32, elements={
0x00000195761afee0, 0x00000195761b0aa0, 0x0000019576387ff0, 0x0000019576388bb0,
0x0000019576389f10, 0x0000019576390b10, 0x0000019576392d40, 0x0000019576395a10,
0x000001957619a710, 0x000001957677d450, 0x000001957677d930, 0x000001957697cb90,
0x0000019576e85790, 0x0000019576ec8a90, 0x000001957bcf6580, 0x000001957bcf74b0,
0x000001957bcf6a90, 0x000001957bcf7ed0, 0x000001957bcf9310, 0x000001957bcf83e0,
0x000001957bcf6fa0, 0x000001957bcf79c0, 0x000001957bcf88f0, 0x000001957bcf8e00,
0x000001957bcf9820, 0x0000019576aa0a90, 0x0000019576aa0fa0, 0x0000019576aa5b90,
0x0000019576aa5170, 0x0000019576aa5680, 0x0000019576aa60a0, 0x0000019576aa0580
}

Java Threads: ( => current thread )
  0x00000195761afee0 JavaThread "Reference Handler" daemon [_thread_blocked, id=96656, stack(0x00000089e7e00000,0x00000089e7f00000)]
  0x00000195761b0aa0 JavaThread "Finalizer" daemon [_thread_blocked, id=103376, stack(0x00000089e7f00000,0x00000089e8000000)]
  0x0000019576387ff0 JavaThread "Signal Dispatcher" daemon [_thread_blocked, id=98944, stack(0x00000089e8000000,0x00000089e8100000)]
  0x0000019576388bb0 JavaThread "Attach Listener" daemon [_thread_blocked, id=65912, stack(0x00000089e8100000,0x00000089e8200000)]
  0x0000019576389f10 JavaThread "Service Thread" daemon [_thread_blocked, id=103468, stack(0x00000089e8200000,0x00000089e8300000)]
  0x0000019576390b10 JavaThread "Monitor Deflation Thread" daemon [_thread_blocked, id=103916, stack(0x00000089e8300000,0x00000089e8400000)]
  0x0000019576392d40 JavaThread "C1 CompilerThread0" daemon [_thread_blocked, id=103608, stack(0x00000089e8400000,0x00000089e8500000)]
  0x0000019576395a10 JavaThread "Sweeper thread" daemon [_thread_blocked, id=103432, stack(0x00000089e8500000,0x00000089e8600000)]
  0x000001957619a710 JavaThread "Common-Cleaner" daemon [_thread_blocked, id=73228, stack(0x00000089e8600000,0x00000089e8700000)]
  0x000001957677d450 JavaThread "Monitor Ctrl-Break" daemon [_thread_in_native, id=99600, stack(0x00000089e8900000,0x00000089e8a00000)]
  0x000001957677d930 JavaThread "Notification Thread" daemon [_thread_blocked, id=104224, stack(0x00000089e8a00000,0x00000089e8b00000)]
  0x000001957697cb90 JavaThread "RMI TCP Accept-0" daemon [_thread_in_native, id=96720, stack(0x00000089e8b00000,0x00000089e8c00000)]
  0x0000019576e85790 JavaThread "RMI TCP Connection(idle)" daemon [_thread_blocked, id=101404, stack(0x00000089e9600000,0x00000089e9700000)]
  0x0000019576ec8a90 JavaThread "RMI Scheduler(0)" daemon [_thread_blocked, id=87236, stack(0x00000089e9700000,0x00000089e9800000)]
  0x000001957bcf6580 JavaThread "Catalina-utility-1" [_thread_blocked, id=27644, stack(0x00000089e9a00000,0x00000089e9b00000)]
  0x000001957bcf74b0 JavaThread "Catalina-utility-2" [_thread_blocked, id=99816, stack(0x00000089e9b00000,0x00000089e9c00000)]
  0x000001957bcf6a90 JavaThread "container-0" [_thread_blocked, id=101964, stack(0x00000089e9c00000,0x00000089e9d00000)]
  0x000001957bcf7ed0 JavaThread "HikariPool-1 housekeeper" daemon [_thread_blocked, id=100080, stack(0x00000089e9d00000,0x00000089e9e00000)]
  0x000001957bcf9310 JavaThread "http-nio-8085-exec-1" daemon [_thread_blocked, id=45796, stack(0x00000089e8700000,0x00000089e8800000)]
  0x000001957bcf83e0 JavaThread "http-nio-8085-exec-2" daemon [_thread_blocked, id=103672, stack(0x00000089e8800000,0x00000089e8900000)]
  0x000001957bcf6fa0 JavaThread "http-nio-8085-exec-3" daemon [_thread_blocked, id=59380, stack(0x00000089e9900000,0x00000089e9a00000)]
  0x000001957bcf79c0 JavaThread "http-nio-8085-exec-4" daemon [_thread_blocked, id=95020, stack(0x00000089e9e00000,0x00000089e9f00000)]
  0x000001957bcf88f0 JavaThread "http-nio-8085-exec-5" daemon [_thread_blocked, id=102220, stack(0x00000089e9f00000,0x00000089ea000000)]
  0x000001957bcf8e00 JavaThread "http-nio-8085-exec-6" daemon [_thread_blocked, id=97416, stack(0x00000089ea000000,0x00000089ea100000)]
  0x000001957bcf9820 JavaThread "http-nio-8085-exec-7" daemon [_thread_blocked, id=91212, stack(0x00000089ea100000,0x00000089ea200000)]
  0x0000019576aa0a90 JavaThread "http-nio-8085-exec-8" daemon [_thread_blocked, id=103944, stack(0x00000089ea200000,0x00000089ea300000)]
  0x0000019576aa0fa0 JavaThread "http-nio-8085-exec-9" daemon [_thread_blocked, id=57856, stack(0x00000089ea300000,0x00000089ea400000)]
  0x0000019576aa5b90 JavaThread "http-nio-8085-exec-10" daemon [_thread_blocked, id=102500, stack(0x00000089ea400000,0x00000089ea500000)]
  0x0000019576aa5170 JavaThread "http-nio-8085-Poller" daemon [_thread_in_native, id=102136, stack(0x00000089ea500000,0x00000089ea600000)]
  0x0000019576aa5680 JavaThread "http-nio-8085-Acceptor" daemon [_thread_in_native, id=102872, stack(0x00000089ea600000,0x00000089ea700000)]
  0x0000019576aa60a0 JavaThread "DestroyJavaVM" [_thread_blocked, id=103012, stack(0x00000089e7700000,0x00000089e7800000)]
  0x0000019576aa0580 JavaThread "RMI TCP Connection(idle)" daemon [_thread_blocked, id=104004, stack(0x00000089ea700000,0x00000089ea800000)]

Other Threads:
=>0x00000195761aac90 VMThread "VM Thread" [stack: 0x00000089e7d00000,0x00000089e7e00000] [id=103200]
  0x0000019576991000 WatcherThread [stack: 0x00000089e8c00000,0x00000089e8d00000] [id=93356]
  0x000001955ad462a0 GCTaskThread "GC Thread#0" [stack: 0x00000089e7800000,0x00000089e7900000] [id=103096]
  0x0000019576cecdb0 GCTaskThread "GC Thread#1" [stack: 0x00000089e8d00000,0x00000089e8e00000] [id=98716]
  0x0000019576ced070 GCTaskThread "GC Thread#2" [stack: 0x00000089e8e00000,0x00000089e8f00000] [id=104300]
  0x0000019576ced940 GCTaskThread "GC Thread#3" [stack: 0x00000089e8f00000,0x00000089e9000000] [id=100464]
  0x0000019576cedc00 GCTaskThread "GC Thread#4" [stack: 0x00000089e9000000,0x00000089e9100000] [id=16992]
  0x0000019576cee340 GCTaskThread "GC Thread#5" [stack: 0x00000089e9100000,0x00000089e9200000] [id=103180]
  0x0000019576d00bc0 GCTaskThread "GC Thread#6" [stack: 0x00000089e9200000,0x00000089e9300000] [id=36100]
  0x0000019576d01300 GCTaskThread "GC Thread#7" [stack: 0x00000089e9300000,0x00000089e9400000] [id=18056]
  0x000001955ad52fc0 ConcurrentGCThread "G1 Main Marker" [stack: 0x00000089e7900000,0x00000089e7a00000] [id=103724]
  0x000001955ad539d0 ConcurrentGCThread "G1 Conc#0" [stack: 0x00000089e7a00000,0x00000089e7b00000] [id=98020]
  0x000001957b9aead0 ConcurrentGCThread "G1 Conc#1" [stack: 0x00000089e9800000,0x00000089e9900000] [id=103368]
  0x0000019576066df0 ConcurrentGCThread "G1 Refine#0" [stack: 0x00000089e7b00000,0x00000089e7c00000] [id=64296]
  0x0000019576d1c0c0 ConcurrentGCThread "G1 Refine#1" [stack: 0x00000089e9400000,0x00000089e9500000] [id=102800]
  0x0000019576d1d450 ConcurrentGCThread "G1 Refine#2" [stack: 0x00000089e9500000,0x00000089e9600000] [id=101012]
  0x00000195769acf30 ConcurrentGCThread "G1 Refine#3" [stack: 0x00000089ea800000,0x00000089ea900000] [id=103832]
  0x00000195769ae9a0 ConcurrentGCThread "G1 Refine#4" [stack: 0x00000089ea900000,0x00000089eaa00000] [id=104048]
  0x00000195769ad220 ConcurrentGCThread "G1 Refine#5" [stack: 0x00000089eaa00000,0x00000089eab00000] [id=103508]
  0x0000019576067fd0 ConcurrentGCThread "G1 Service" [stack: 0x00000089e7c00000,0x00000089e7d00000] [id=95652]

Threads with active compile tasks:

VM state: at safepoint (normal execution)

VM Mutex/Monitor currently owned by a thread:  ([mutex/lock_event])
[0x000001955acb7a50] Threads_lock - owner thread: 0x00000195761aac90
[0x000001955acb8470] Heap_lock - owner thread: 0x000001957bcf6fa0

Heap address: 0x0000000684400000, size: 6076 MB, Compressed Oops mode: Zero based, Oop shift amount: 3

CDS archive(s) mapped at: [0x0000019500000000-0x0000019500bd0000-0x0000019500bd0000), size 12386304, SharedBaseAddress: 0x0000019500000000, ArchiveRelocationMode: 1.
Compressed class space mapped at: 0x0000019501000000-0x0000019541000000, reserved size: 1073741824
Narrow klass base: 0x0000019500000000, Narrow klass shift: 0, Narrow klass range: 0x100000000

GC Precious Log:
 CPUs: 8 total, 8 available
 Memory: 24299M
 Large Page Support: Disabled
 NUMA Support: Disabled
 Compressed Oops: Enabled (Zero based)
 Heap Region Size: 4M
 Heap Min Capacity: 8M
 Heap Initial Capacity: 380M
 Heap Max Capacity: 6076M
 Pre-touch: Disabled
 Parallel Workers: 8
 Concurrent Workers: 2
 Concurrent Refinement Workers: 8
 Periodic GC: Disabled

Heap:
 garbage-first heap   total 897024K, used 77549K [0x0000000684400000, 0x0000000800000000)
  region size 4096K, 6 young (24576K), 6 survivors (24576K)
 Metaspace       used 57545K, committed 58048K, reserved 1114112K
  class space    used 8039K, committed 8256K, reserved 1048576K

Heap Regions: E=young(eden), S=young(survivor), O=old, HS=humongous(starts), HC=humongous(continues), CS=collection set, F=free, OA=open archive, CA=closed archive, TAMS=top-at-mark-start (previous, next)
|   0|0x0000000684400000, 0x0000000684800000, 0x0000000684800000|100%| O|  |TAMS 0x0000000684800000, 0x0000000684400000| Untracked 
|   1|0x0000000684800000, 0x0000000684c00000, 0x0000000684c00000|100%| O|  |TAMS 0x0000000684800000, 0x0000000684800000| Untracked 
|   2|0x0000000684c00000, 0x0000000685000000, 0x0000000685000000|100%| O|  |TAMS 0x0000000685000000, 0x0000000684c00000| Untracked 
|   3|0x0000000685000000, 0x0000000685400000, 0x0000000685400000|100%| O|  |TAMS 0x0000000685000000, 0x0000000685000000| Untracked 
|   4|0x0000000685400000, 0x0000000685800000, 0x0000000685800000|100%| O|  |TAMS 0x0000000685400000, 0x0000000685400000| Untracked 
|   5|0x0000000685800000, 0x0000000685c00000, 0x0000000685c00000|100%| O|  |TAMS 0x0000000685800000, 0x0000000685800000| Untracked 
|   6|0x0000000685c00000, 0x0000000686000000, 0x0000000686000000|100%| O|  |TAMS 0x0000000686000000, 0x0000000685c00000| Untracked 
|   7|0x0000000686000000, 0x0000000686400000, 0x0000000686400000|100%| O|  |TAMS 0x0000000686400000, 0x0000000686000000| Untracked 
|   8|0x0000000686400000, 0x0000000686800000, 0x0000000686800000|100%|HS|  |TAMS 0x0000000686400000, 0x0000000686400000| Complete 
|   9|0x0000000686800000, 0x0000000686c00000, 0x0000000686c00000|100%|HS|  |TAMS 0x0000000686800000, 0x0000000686800000| Complete 
|  10|0x0000000686c00000, 0x0000000687000000, 0x0000000687000000|100%| O|  |TAMS 0x0000000686c00000, 0x0000000686c00000| Untracked 
|  11|0x0000000687000000, 0x0000000687400000, 0x0000000687400000|100%|HS|  |TAMS 0x0000000687000000, 0x0000000687000000| Complete 
|  12|0x0000000687400000, 0x0000000687800000, 0x0000000687800000|100%|HS|  |TAMS 0x0000000687400000, 0x0000000687400000| Complete 
|  13|0x0000000687800000, 0x0000000687937e00, 0x0000000687c00000| 30%| O|  |TAMS 0x0000000687800000, 0x0000000687800000| Untracked 
|  14|0x0000000687c00000, 0x0000000687c00000, 0x0000000688000000|  0%| F|  |TAMS 0x0000000687c00000, 0x0000000687c00000| Untracked 
|  15|0x0000000688000000, 0x0000000688000000, 0x0000000688400000|  0%| F|  |TAMS 0x0000000688000000, 0x0000000688000000| Untracked 
|  16|0x0000000688400000, 0x0000000688400000, 0x0000000688800000|  0%| F|  |TAMS 0x0000000688400000, 0x0000000688400000| Untracked 
|  17|0x0000000688800000, 0x0000000688800000, 0x0000000688c00000|  0%| F|  |TAMS 0x0000000688800000, 0x0000000688800000| Untracked 
|  18|0x0000000688c00000, 0x0000000688c00000, 0x0000000689000000|  0%| F|  |TAMS 0x0000000688c00000, 0x0000000688c00000| Untracked 
|  19|0x0000000689000000, 0x0000000689000000, 0x0000000689400000|  0%| F|  |TAMS 0x0000000689000000, 0x0000000689000000| Untracked 
|  20|0x0000000689400000, 0x0000000689400000, 0x0000000689800000|  0%| F|  |TAMS 0x0000000689400000, 0x0000000689400000| Untracked 
|  21|0x0000000689800000, 0x0000000689800000, 0x0000000689c00000|  0%| F|  |TAMS 0x0000000689800000, 0x0000000689800000| Untracked 
|  22|0x0000000689c00000, 0x0000000689c00000, 0x000000068a000000|  0%| F|  |TAMS 0x0000000689c00000, 0x0000000689c00000| Untracked 
|  23|0x000000068a000000, 0x000000068a000000, 0x000000068a400000|  0%| F|  |TAMS 0x000000068a000000, 0x000000068a000000| Untracked 
|  24|0x000000068a400000, 0x000000068a400000, 0x000000068a800000|  0%| F|  |TAMS 0x000000068a400000, 0x000000068a400000| Untracked 
|  25|0x000000068a800000, 0x000000068a800000, 0x000000068ac00000|  0%| F|  |TAMS 0x000000068a800000, 0x000000068a800000| Untracked 
|  26|0x000000068ac00000, 0x000000068ac00000, 0x000000068b000000|  0%| F|  |TAMS 0x000000068ac00000, 0x000000068ac00000| Untracked 
|  27|0x000000068b000000, 0x000000068b000000, 0x000000068b400000|  0%| F|  |TAMS 0x000000068b000000, 0x000000068b000000| Untracked 
|  28|0x000000068b400000, 0x000000068b400000, 0x000000068b800000|  0%| F|  |TAMS 0x000000068b400000, 0x000000068b400000| Untracked 
|  29|0x000000068b800000, 0x000000068b800000, 0x000000068bc00000|  0%| F|  |TAMS 0x000000068b800000, 0x000000068b800000| Untracked 
|  30|0x000000068bc00000, 0x000000068bc00000, 0x000000068c000000|  0%| F|  |TAMS 0x000000068bc00000, 0x000000068bc00000| Untracked 
|  31|0x000000068c000000, 0x000000068c000000, 0x000000068c400000|  0%| F|  |TAMS 0x000000068c000000, 0x000000068c000000| Untracked 
|  32|0x000000068c400000, 0x000000068c400000, 0x000000068c800000|  0%| F|  |TAMS 0x000000068c400000, 0x000000068c400000| Untracked 
|  33|0x000000068c800000, 0x000000068c800000, 0x000000068cc00000|  0%| F|  |TAMS 0x000000068c800000, 0x000000068c800000| Untracked 
|  34|0x000000068cc00000, 0x000000068cc00000, 0x000000068d000000|  0%| F|  |TAMS 0x000000068cc00000, 0x000000068cc00000| Untracked 
|  35|0x000000068d000000, 0x000000068d000000, 0x000000068d400000|  0%| F|  |TAMS 0x000000068d000000, 0x000000068d000000| Untracked 
|  36|0x000000068d400000, 0x000000068d400000, 0x000000068d800000|  0%| F|  |TAMS 0x000000068d400000, 0x000000068d400000| Untracked 
|  37|0x000000068d800000, 0x000000068d800000, 0x000000068dc00000|  0%| F|  |TAMS 0x000000068d800000, 0x000000068d800000| Untracked 
|  38|0x000000068dc00000, 0x000000068dc00000, 0x000000068e000000|  0%| F|  |TAMS 0x000000068dc00000, 0x000000068dc00000| Untracked 
|  39|0x000000068e000000, 0x000000068e000000, 0x000000068e400000|  0%| F|  |TAMS 0x000000068e000000, 0x000000068e000000| Untracked 
|  40|0x000000068e400000, 0x000000068e400000, 0x000000068e800000|  0%| F|  |TAMS 0x000000068e400000, 0x000000068e400000| Untracked 
|  41|0x000000068e800000, 0x000000068e800000, 0x000000068ec00000|  0%| F|  |TAMS 0x000000068e800000, 0x000000068e800000| Untracked 
|  42|0x000000068ec00000, 0x000000068ec00000, 0x000000068f000000|  0%| F|  |TAMS 0x000000068ec00000, 0x000000068ec00000| Untracked 
|  43|0x000000068f000000, 0x000000068f000000, 0x000000068f400000|  0%| F|  |TAMS 0x000000068f000000, 0x000000068f000000| Untracked 
|  44|0x000000068f400000, 0x000000068f400000, 0x000000068f800000|  0%| F|  |TAMS 0x000000068f400000, 0x000000068f400000| Untracked 
|  45|0x000000068f800000, 0x000000068f800000, 0x000000068fc00000|  0%| F|  |TAMS 0x000000068f800000, 0x000000068f800000| Untracked 
|  46|0x000000068fc00000, 0x000000068fc00000, 0x0000000690000000|  0%| F|  |TAMS 0x000000068fc00000, 0x000000068fc00000| Untracked 
|  47|0x0000000690000000, 0x0000000690000000, 0x0000000690400000|  0%| F|  |TAMS 0x0000000690000000, 0x0000000690000000| Untracked 
|  48|0x0000000690400000, 0x0000000690400000, 0x0000000690800000|  0%| F|  |TAMS 0x0000000690400000, 0x0000000690400000| Untracked 
|  49|0x0000000690800000, 0x0000000690800000, 0x0000000690c00000|  0%| F|  |TAMS 0x0000000690800000, 0x0000000690800000| Untracked 
|  50|0x0000000690c00000, 0x0000000690c00000, 0x0000000691000000|  0%| F|  |TAMS 0x0000000690c00000, 0x0000000690c00000| Untracked 
|  51|0x0000000691000000, 0x0000000691000000, 0x0000000691400000|  0%| F|  |TAMS 0x0000000691000000, 0x0000000691000000| Untracked 
|  52|0x0000000691400000, 0x0000000691400000, 0x0000000691800000|  0%| F|  |TAMS 0x0000000691400000, 0x0000000691400000| Untracked 
|  53|0x0000000691800000, 0x0000000691800000, 0x0000000691c00000|  0%| F|  |TAMS 0x0000000691800000, 0x0000000691800000| Untracked 
|  54|0x0000000691c00000, 0x0000000691c00000, 0x0000000692000000|  0%| F|  |TAMS 0x0000000691c00000, 0x0000000691c00000| Untracked 
|  55|0x0000000692000000, 0x0000000692000000, 0x0000000692400000|  0%| F|  |TAMS 0x0000000692000000, 0x0000000692000000| Untracked 
|  56|0x0000000692400000, 0x0000000692400000, 0x0000000692800000|  0%| F|  |TAMS 0x0000000692400000, 0x0000000692400000| Untracked 
|  57|0x0000000692800000, 0x0000000692800000, 0x0000000692c00000|  0%| F|  |TAMS 0x0000000692800000, 0x0000000692800000| Untracked 
|  58|0x0000000692c00000, 0x0000000692c00000, 0x0000000693000000|  0%| F|  |TAMS 0x0000000692c00000, 0x0000000692c00000| Untracked 
|  59|0x0000000693000000, 0x0000000693000000, 0x0000000693400000|  0%| F|  |TAMS 0x0000000693000000, 0x0000000693000000| Untracked 
|  60|0x0000000693400000, 0x0000000693400000, 0x0000000693800000|  0%| F|  |TAMS 0x0000000693400000, 0x0000000693400000| Untracked 
|  61|0x0000000693800000, 0x0000000693800000, 0x0000000693c00000|  0%| F|  |TAMS 0x0000000693800000, 0x0000000693800000| Untracked 
|  62|0x0000000693c00000, 0x0000000693c00000, 0x0000000694000000|  0%| F|  |TAMS 0x0000000693c00000, 0x0000000693c00000| Untracked 
|  63|0x0000000694000000, 0x0000000694000000, 0x0000000694400000|  0%| F|  |TAMS 0x0000000694000000, 0x0000000694000000| Untracked 
|  64|0x0000000694400000, 0x0000000694400000, 0x0000000694800000|  0%| F|  |TAMS 0x0000000694400000, 0x0000000694400000| Untracked 
|  65|0x0000000694800000, 0x0000000694800000, 0x0000000694c00000|  0%| F|  |TAMS 0x0000000694800000, 0x0000000694800000| Untracked 
|  66|0x0000000694c00000, 0x0000000694c00000, 0x0000000695000000|  0%| F|  |TAMS 0x0000000694c00000, 0x0000000694c00000| Untracked 
|  67|0x0000000695000000, 0x0000000695000000, 0x0000000695400000|  0%| F|  |TAMS 0x0000000695000000, 0x0000000695000000| Untracked 
|  68|0x0000000695400000, 0x0000000695400000, 0x0000000695800000|  0%| F|  |TAMS 0x0000000695400000, 0x0000000695400000| Untracked 
|  69|0x0000000695800000, 0x0000000695800000, 0x0000000695c00000|  0%| F|  |TAMS 0x0000000695800000, 0x0000000695800000| Untracked 
|  70|0x0000000695c00000, 0x0000000695c00000, 0x0000000696000000|  0%| F|  |TAMS 0x0000000695c00000, 0x0000000695c00000| Untracked 
|  71|0x0000000696000000, 0x0000000696000000, 0x0000000696400000|  0%| F|  |TAMS 0x0000000696000000, 0x0000000696000000| Untracked 
|  72|0x0000000696400000, 0x0000000696400000, 0x0000000696800000|  0%| F|  |TAMS 0x0000000696400000, 0x0000000696400000| Untracked 
|  73|0x0000000696800000, 0x0000000696800000, 0x0000000696c00000|  0%| F|  |TAMS 0x0000000696800000, 0x0000000696800000| Untracked 
|  74|0x0000000696c00000, 0x0000000696c00000, 0x0000000697000000|  0%| F|  |TAMS 0x0000000696c00000, 0x0000000696c00000| Untracked 
|  75|0x0000000697000000, 0x0000000697000000, 0x0000000697400000|  0%| F|  |TAMS 0x0000000697000000, 0x0000000697000000| Untracked 
|  76|0x0000000697400000, 0x0000000697400000, 0x0000000697800000|  0%| F|  |TAMS 0x0000000697400000, 0x0000000697400000| Untracked 
|  77|0x0000000697800000, 0x0000000697800000, 0x0000000697c00000|  0%| F|  |TAMS 0x0000000697800000, 0x0000000697800000| Untracked 
|  78|0x0000000697c00000, 0x0000000697c00000, 0x0000000698000000|  0%| F|  |TAMS 0x0000000697c00000, 0x0000000697c00000| Untracked 
|  79|0x0000000698000000, 0x0000000698000000, 0x0000000698400000|  0%| F|  |TAMS 0x0000000698000000, 0x0000000698000000| Untracked 
|  80|0x0000000698400000, 0x0000000698400000, 0x0000000698800000|  0%| F|  |TAMS 0x0000000698400000, 0x0000000698400000| Untracked 
|  81|0x0000000698800000, 0x0000000698800000, 0x0000000698c00000|  0%| F|  |TAMS 0x0000000698800000, 0x0000000698800000| Untracked 
|  82|0x0000000698c00000, 0x0000000698e836d8, 0x0000000699000000| 62%| S|CS|TAMS 0x0000000698c00000, 0x0000000698c00000| Complete 
|  83|0x0000000699000000, 0x0000000699400000, 0x0000000699400000|100%| S|CS|TAMS 0x0000000699000000, 0x0000000699000000| Complete 
|  84|0x0000000699400000, 0x0000000699800000, 0x0000000699800000|100%| S|CS|TAMS 0x0000000699400000, 0x0000000699400000| Complete 
|  85|0x0000000699800000, 0x0000000699c00000, 0x0000000699c00000|100%| S|CS|TAMS 0x0000000699800000, 0x0000000699800000| Complete 
|  86|0x0000000699c00000, 0x000000069a000000, 0x000000069a000000|100%| S|CS|TAMS 0x0000000699c00000, 0x0000000699c00000| Complete 
|  87|0x000000069a000000, 0x000000069a400000, 0x000000069a400000|100%| S|CS|TAMS 0x000000069a000000, 0x000000069a000000| Complete 
|  88|0x000000069a400000, 0x000000069a400000, 0x000000069a800000|  0%| F|  |TAMS 0x000000069a400000, 0x000000069a400000| Untracked 
|  89|0x000000069a800000, 0x000000069a800000, 0x000000069ac00000|  0%| F|  |TAMS 0x000000069a800000, 0x000000069a800000| Untracked 
|  90|0x000000069ac00000, 0x000000069ac00000, 0x000000069b000000|  0%| F|  |TAMS 0x000000069ac00000, 0x000000069ac00000| Untracked 
|  91|0x000000069b000000, 0x000000069b000000, 0x000000069b400000|  0%| F|  |TAMS 0x000000069b000000, 0x000000069b000000| Untracked 
|  92|0x000000069b400000, 0x000000069b400000, 0x000000069b800000|  0%| F|  |TAMS 0x000000069b400000, 0x000000069b400000| Untracked 
|  93|0x000000069b800000, 0x000000069b800000, 0x000000069bc00000|  0%| F|  |TAMS 0x000000069b800000, 0x000000069b800000| Untracked 
|  94|0x000000069bc00000, 0x000000069bc00000, 0x000000069c000000|  0%| F|  |TAMS 0x000000069bc00000, 0x000000069bc00000| Untracked 
|  95|0x000000069c000000, 0x000000069c000000, 0x000000069c400000|  0%| F|  |TAMS 0x000000069c000000, 0x000000069c000000| Untracked 
|  96|0x000000069c400000, 0x000000069c400000, 0x000000069c800000|  0%| F|  |TAMS 0x000000069c400000, 0x000000069c400000| Untracked 
|  97|0x000000069c800000, 0x000000069c800000, 0x000000069cc00000|  0%| F|  |TAMS 0x000000069c800000, 0x000000069c800000| Untracked 
|  98|0x000000069cc00000, 0x000000069cc00000, 0x000000069d000000|  0%| F|  |TAMS 0x000000069cc00000, 0x000000069cc00000| Untracked 
|  99|0x000000069d000000, 0x000000069d000000, 0x000000069d400000|  0%| F|  |TAMS 0x000000069d000000, 0x000000069d000000| Untracked 
| 100|0x000000069d400000, 0x000000069d400000, 0x000000069d800000|  0%| F|  |TAMS 0x000000069d400000, 0x000000069d400000| Untracked 
| 101|0x000000069d800000, 0x000000069d800000, 0x000000069dc00000|  0%| F|  |TAMS 0x000000069d800000, 0x000000069d800000| Untracked 
| 102|0x000000069dc00000, 0x000000069dc00000, 0x000000069e000000|  0%| F|  |TAMS 0x000000069dc00000, 0x000000069dc00000| Untracked 
| 103|0x000000069e000000, 0x000000069e000000, 0x000000069e400000|  0%| F|  |TAMS 0x000000069e000000, 0x000000069e000000| Untracked 
| 104|0x000000069e400000, 0x000000069e400000, 0x000000069e800000|  0%| F|  |TAMS 0x000000069e400000, 0x000000069e400000| Untracked 
| 105|0x000000069e800000, 0x000000069e800000, 0x000000069ec00000|  0%| F|  |TAMS 0x000000069e800000, 0x000000069e800000| Untracked 
| 106|0x000000069ec00000, 0x000000069ec00000, 0x000000069f000000|  0%| F|  |TAMS 0x000000069ec00000, 0x000000069ec00000| Untracked 
| 107|0x000000069f000000, 0x000000069f000000, 0x000000069f400000|  0%| F|  |TAMS 0x000000069f000000, 0x000000069f000000| Untracked 
| 108|0x000000069f400000, 0x000000069f400000, 0x000000069f800000|  0%| F|  |TAMS 0x000000069f400000, 0x000000069f400000| Untracked 
| 109|0x000000069f800000, 0x000000069f800000, 0x000000069fc00000|  0%| F|  |TAMS 0x000000069f800000, 0x000000069f800000| Untracked 
| 110|0x000000069fc00000, 0x000000069fc00000, 0x00000006a0000000|  0%| F|  |TAMS 0x000000069fc00000, 0x000000069fc00000| Untracked 
| 111|0x00000006a0000000, 0x00000006a0000000, 0x00000006a0400000|  0%| F|  |TAMS 0x00000006a0000000, 0x00000006a0000000| Untracked 
| 112|0x00000006a0400000, 0x00000006a0400000, 0x00000006a0800000|  0%| F|  |TAMS 0x00000006a0400000, 0x00000006a0400000| Untracked 
| 113|0x00000006a0800000, 0x00000006a0800000, 0x00000006a0c00000|  0%| F|  |TAMS 0x00000006a0800000, 0x00000006a0800000| Untracked 
| 114|0x00000006a0c00000, 0x00000006a0c00000, 0x00000006a1000000|  0%| F|  |TAMS 0x00000006a0c00000, 0x00000006a0c00000| Untracked 
| 115|0x00000006a1000000, 0x00000006a1000000, 0x00000006a1400000|  0%| F|  |TAMS 0x00000006a1000000, 0x00000006a1000000| Untracked 
| 116|0x00000006a1400000, 0x00000006a1400000, 0x00000006a1800000|  0%| F|  |TAMS 0x00000006a1400000, 0x00000006a1400000| Untracked 
| 117|0x00000006a1800000, 0x00000006a1800000, 0x00000006a1c00000|  0%| F|  |TAMS 0x00000006a1800000, 0x00000006a1800000| Untracked 
| 118|0x00000006a1c00000, 0x00000006a1c00000, 0x00000006a2000000|  0%| F|  |TAMS 0x00000006a1c00000, 0x00000006a1c00000| Untracked 
| 119|0x00000006a2000000, 0x00000006a2000000, 0x00000006a2400000|  0%| F|  |TAMS 0x00000006a2000000, 0x00000006a2000000| Untracked 
| 120|0x00000006a2400000, 0x00000006a2400000, 0x00000006a2800000|  0%| F|  |TAMS 0x00000006a2400000, 0x00000006a2400000| Untracked 
| 121|0x00000006a2800000, 0x00000006a2800000, 0x00000006a2c00000|  0%| F|  |TAMS 0x00000006a2800000, 0x00000006a2800000| Untracked 
| 122|0x00000006a2c00000, 0x00000006a2c00000, 0x00000006a3000000|  0%| F|  |TAMS 0x00000006a2c00000, 0x00000006a2c00000| Untracked 
| 123|0x00000006a3000000, 0x00000006a3000000, 0x00000006a3400000|  0%| F|  |TAMS 0x00000006a3000000, 0x00000006a3000000| Untracked 
| 124|0x00000006a3400000, 0x00000006a3400000, 0x00000006a3800000|  0%| F|  |TAMS 0x00000006a3400000, 0x00000006a3400000| Untracked 
| 125|0x00000006a3800000, 0x00000006a3800000, 0x00000006a3c00000|  0%| F|  |TAMS 0x00000006a3800000, 0x00000006a3800000| Untracked 
| 126|0x00000006a3c00000, 0x00000006a3c00000, 0x00000006a4000000|  0%| F|  |TAMS 0x00000006a3c00000, 0x00000006a3c00000| Untracked 
| 127|0x00000006a4000000, 0x00000006a4000000, 0x00000006a4400000|  0%| F|  |TAMS 0x00000006a4000000, 0x00000006a4000000| Untracked 
| 128|0x00000006a4400000, 0x00000006a4400000, 0x00000006a4800000|  0%| F|  |TAMS 0x00000006a4400000, 0x00000006a4400000| Untracked 
| 129|0x00000006a4800000, 0x00000006a4800000, 0x00000006a4c00000|  0%| F|  |TAMS 0x00000006a4800000, 0x00000006a4800000| Untracked 
| 130|0x00000006a4c00000, 0x00000006a4c00000, 0x00000006a5000000|  0%| F|  |TAMS 0x00000006a4c00000, 0x00000006a4c00000| Untracked 
| 131|0x00000006a5000000, 0x00000006a5000000, 0x00000006a5400000|  0%| F|  |TAMS 0x00000006a5000000, 0x00000006a5000000| Untracked 
| 132|0x00000006a5400000, 0x00000006a5400000, 0x00000006a5800000|  0%| F|  |TAMS 0x00000006a5400000, 0x00000006a5400000| Untracked 
| 133|0x00000006a5800000, 0x00000006a5800000, 0x00000006a5c00000|  0%| F|  |TAMS 0x00000006a5800000, 0x00000006a5800000| Untracked 
| 134|0x00000006a5c00000, 0x00000006a5c00000, 0x00000006a6000000|  0%| F|  |TAMS 0x00000006a5c00000, 0x00000006a5c00000| Untracked 
| 135|0x00000006a6000000, 0x00000006a6000000, 0x00000006a6400000|  0%| F|  |TAMS 0x00000006a6000000, 0x00000006a6000000| Untracked 
| 136|0x00000006a6400000, 0x00000006a6400000, 0x00000006a6800000|  0%| F|  |TAMS 0x00000006a6400000, 0x00000006a6400000| Untracked 
| 137|0x00000006a6800000, 0x00000006a6800000, 0x00000006a6c00000|  0%| F|  |TAMS 0x00000006a6800000, 0x00000006a6800000| Untracked 
| 138|0x00000006a6c00000, 0x00000006a6c00000, 0x00000006a7000000|  0%| F|  |TAMS 0x00000006a6c00000, 0x00000006a6c00000| Untracked 
| 139|0x00000006a7000000, 0x00000006a7000000, 0x00000006a7400000|  0%| F|  |TAMS 0x00000006a7000000, 0x00000006a7000000| Untracked 
| 140|0x00000006a7400000, 0x00000006a7400000, 0x00000006a7800000|  0%| F|  |TAMS 0x00000006a7400000, 0x00000006a7400000| Untracked 
| 141|0x00000006a7800000, 0x00000006a7800000, 0x00000006a7c00000|  0%| F|  |TAMS 0x00000006a7800000, 0x00000006a7800000| Untracked 
| 142|0x00000006a7c00000, 0x00000006a7c00000, 0x00000006a8000000|  0%| F|  |TAMS 0x00000006a7c00000, 0x00000006a7c00000| Untracked 
| 143|0x00000006a8000000, 0x00000006a8000000, 0x00000006a8400000|  0%| F|  |TAMS 0x00000006a8000000, 0x00000006a8000000| Untracked 
| 144|0x00000006a8400000, 0x00000006a8400000, 0x00000006a8800000|  0%| F|  |TAMS 0x00000006a8400000, 0x00000006a8400000| Untracked 
| 145|0x00000006a8800000, 0x00000006a8800000, 0x00000006a8c00000|  0%| F|  |TAMS 0x00000006a8800000, 0x00000006a8800000| Untracked 
| 146|0x00000006a8c00000, 0x00000006a8c00000, 0x00000006a9000000|  0%| F|  |TAMS 0x00000006a8c00000, 0x00000006a8c00000| Untracked 
| 147|0x00000006a9000000, 0x00000006a9000000, 0x00000006a9400000|  0%| F|  |TAMS 0x00000006a9000000, 0x00000006a9000000| Untracked 
| 148|0x00000006a9400000, 0x00000006a9400000, 0x00000006a9800000|  0%| F|  |TAMS 0x00000006a9400000, 0x00000006a9400000| Untracked 
| 149|0x00000006a9800000, 0x00000006a9800000, 0x00000006a9c00000|  0%| F|  |TAMS 0x00000006a9800000, 0x00000006a9800000| Untracked 
| 150|0x00000006a9c00000, 0x00000006a9c00000, 0x00000006aa000000|  0%| F|  |TAMS 0x00000006a9c00000, 0x00000006a9c00000| Untracked 
| 151|0x00000006aa000000, 0x00000006aa000000, 0x00000006aa400000|  0%| F|  |TAMS 0x00000006aa000000, 0x00000006aa000000| Untracked 
| 152|0x00000006aa400000, 0x00000006aa400000, 0x00000006aa800000|  0%| F|  |TAMS 0x00000006aa400000, 0x00000006aa400000| Untracked 
| 153|0x00000006aa800000, 0x00000006aa800000, 0x00000006aac00000|  0%| F|  |TAMS 0x00000006aa800000, 0x00000006aa800000| Untracked 
| 154|0x00000006aac00000, 0x00000006aac00000, 0x00000006ab000000|  0%| F|  |TAMS 0x00000006aac00000, 0x00000006aac00000| Untracked 
| 155|0x00000006ab000000, 0x00000006ab000000, 0x00000006ab400000|  0%| F|  |TAMS 0x00000006ab000000, 0x00000006ab000000| Untracked 
| 156|0x00000006ab400000, 0x00000006ab400000, 0x00000006ab800000|  0%| F|  |TAMS 0x00000006ab400000, 0x00000006ab400000| Untracked 
| 157|0x00000006ab800000, 0x00000006ab800000, 0x00000006abc00000|  0%| F|  |TAMS 0x00000006ab800000, 0x00000006ab800000| Untracked 
| 158|0x00000006abc00000, 0x00000006abc00000, 0x00000006ac000000|  0%| F|  |TAMS 0x00000006abc00000, 0x00000006abc00000| Untracked 
| 159|0x00000006ac000000, 0x00000006ac000000, 0x00000006ac400000|  0%| F|  |TAMS 0x00000006ac000000, 0x00000006ac000000| Untracked 
| 160|0x00000006ac400000, 0x00000006ac400000, 0x00000006ac800000|  0%| F|  |TAMS 0x00000006ac400000, 0x00000006ac400000| Untracked 
| 161|0x00000006ac800000, 0x00000006ac800000, 0x00000006acc00000|  0%| F|  |TAMS 0x00000006ac800000, 0x00000006ac800000| Untracked 
| 162|0x00000006acc00000, 0x00000006acc00000, 0x00000006ad000000|  0%| F|  |TAMS 0x00000006acc00000, 0x00000006acc00000| Untracked 
| 163|0x00000006ad000000, 0x00000006ad000000, 0x00000006ad400000|  0%| F|  |TAMS 0x00000006ad000000, 0x00000006ad000000| Untracked 
| 164|0x00000006ad400000, 0x00000006ad400000, 0x00000006ad800000|  0%| F|  |TAMS 0x00000006ad400000, 0x00000006ad400000| Untracked 
| 165|0x00000006ad800000, 0x00000006ad800000, 0x00000006adc00000|  0%| F|  |TAMS 0x00000006ad800000, 0x00000006ad800000| Untracked 
| 166|0x00000006adc00000, 0x00000006adc00000, 0x00000006ae000000|  0%| F|  |TAMS 0x00000006adc00000, 0x00000006adc00000| Untracked 
| 167|0x00000006ae000000, 0x00000006ae000000, 0x00000006ae400000|  0%| F|  |TAMS 0x00000006ae000000, 0x00000006ae000000| Untracked 
| 168|0x00000006ae400000, 0x00000006ae400000, 0x00000006ae800000|  0%| F|  |TAMS 0x00000006ae400000, 0x00000006ae400000| Untracked 
| 169|0x00000006ae800000, 0x00000006ae800000, 0x00000006aec00000|  0%| F|  |TAMS 0x00000006ae800000, 0x00000006ae800000| Untracked 
| 170|0x00000006aec00000, 0x00000006aec00000, 0x00000006af000000|  0%| F|  |TAMS 0x00000006aec00000, 0x00000006aec00000| Untracked 
| 171|0x00000006af000000, 0x00000006af000000, 0x00000006af400000|  0%| F|  |TAMS 0x00000006af000000, 0x00000006af000000| Untracked 
| 172|0x00000006af400000, 0x00000006af400000, 0x00000006af800000|  0%| F|  |TAMS 0x00000006af400000, 0x00000006af400000| Untracked 
| 173|0x00000006af800000, 0x00000006af800000, 0x00000006afc00000|  0%| F|  |TAMS 0x00000006af800000, 0x00000006af800000| Untracked 
| 174|0x00000006afc00000, 0x00000006afc00000, 0x00000006b0000000|  0%| F|  |TAMS 0x00000006afc00000, 0x00000006afc00000| Untracked 
| 175|0x00000006b0000000, 0x00000006b0000000, 0x00000006b0400000|  0%| F|  |TAMS 0x00000006b0000000, 0x00000006b0000000| Untracked 
| 176|0x00000006b0400000, 0x00000006b0400000, 0x00000006b0800000|  0%| F|  |TAMS 0x00000006b0400000, 0x00000006b0400000| Untracked 
| 177|0x00000006b0800000, 0x00000006b0800000, 0x00000006b0c00000|  0%| F|  |TAMS 0x00000006b0800000, 0x00000006b0800000| Untracked 
| 178|0x00000006b0c00000, 0x00000006b0c00000, 0x00000006b1000000|  0%| F|  |TAMS 0x00000006b0c00000, 0x00000006b0c00000| Untracked 
| 179|0x00000006b1000000, 0x00000006b1000000, 0x00000006b1400000|  0%| F|  |TAMS 0x00000006b1000000, 0x00000006b1000000| Untracked 
| 180|0x00000006b1400000, 0x00000006b1400000, 0x00000006b1800000|  0%| F|  |TAMS 0x00000006b1400000, 0x00000006b1400000| Untracked 
| 181|0x00000006b1800000, 0x00000006b1800000, 0x00000006b1c00000|  0%| F|  |TAMS 0x00000006b1800000, 0x00000006b1800000| Untracked 
| 182|0x00000006b1c00000, 0x00000006b1c00000, 0x00000006b2000000|  0%| F|  |TAMS 0x00000006b1c00000, 0x00000006b1c00000| Untracked 
| 183|0x00000006b2000000, 0x00000006b2000000, 0x00000006b2400000|  0%| F|  |TAMS 0x00000006b2000000, 0x00000006b2000000| Untracked 
| 184|0x00000006b2400000, 0x00000006b2400000, 0x00000006b2800000|  0%| F|  |TAMS 0x00000006b2400000, 0x00000006b2400000| Untracked 
| 185|0x00000006b2800000, 0x00000006b2800000, 0x00000006b2c00000|  0%| F|  |TAMS 0x00000006b2800000, 0x00000006b2800000| Untracked 
| 186|0x00000006b2c00000, 0x00000006b2c00000, 0x00000006b3000000|  0%| F|  |TAMS 0x00000006b2c00000, 0x00000006b2c00000| Untracked 
| 187|0x00000006b3000000, 0x00000006b3000000, 0x00000006b3400000|  0%| F|  |TAMS 0x00000006b3000000, 0x00000006b3000000| Untracked 
| 188|0x00000006b3400000, 0x00000006b3400000, 0x00000006b3800000|  0%| F|  |TAMS 0x00000006b3400000, 0x00000006b3400000| Untracked 
| 189|0x00000006b3800000, 0x00000006b3800000, 0x00000006b3c00000|  0%| F|  |TAMS 0x00000006b3800000, 0x00000006b3800000| Untracked 
| 190|0x00000006b3c00000, 0x00000006b3c00000, 0x00000006b4000000|  0%| F|  |TAMS 0x00000006b3c00000, 0x00000006b3c00000| Untracked 
| 191|0x00000006b4000000, 0x00000006b4000000, 0x00000006b4400000|  0%| F|  |TAMS 0x00000006b4000000, 0x00000006b4000000| Untracked 
| 192|0x00000006b4400000, 0x00000006b4400000, 0x00000006b4800000|  0%| F|  |TAMS 0x00000006b4400000, 0x00000006b4400000| Untracked 
| 193|0x00000006b4800000, 0x00000006b4800000, 0x00000006b4c00000|  0%| F|  |TAMS 0x00000006b4800000, 0x00000006b4800000| Untracked 
| 194|0x00000006b4c00000, 0x00000006b4c00000, 0x00000006b5000000|  0%| F|  |TAMS 0x00000006b4c00000, 0x00000006b4c00000| Untracked 
| 195|0x00000006b5000000, 0x00000006b5000000, 0x00000006b5400000|  0%| F|  |TAMS 0x00000006b5000000, 0x00000006b5000000| Untracked 
| 196|0x00000006b5400000, 0x00000006b5400000, 0x00000006b5800000|  0%| F|  |TAMS 0x00000006b5400000, 0x00000006b5400000| Untracked 
| 197|0x00000006b5800000, 0x00000006b5800000, 0x00000006b5c00000|  0%| F|  |TAMS 0x00000006b5800000, 0x00000006b5800000| Untracked 
| 198|0x00000006b5c00000, 0x00000006b5c00000, 0x00000006b6000000|  0%| F|  |TAMS 0x00000006b5c00000, 0x00000006b5c00000| Untracked 
| 199|0x00000006b6000000, 0x00000006b6000000, 0x00000006b6400000|  0%| F|  |TAMS 0x00000006b6000000, 0x00000006b6000000| Untracked 
| 200|0x00000006b6400000, 0x00000006b6400000, 0x00000006b6800000|  0%| F|  |TAMS 0x00000006b6400000, 0x00000006b6400000| Untracked 
| 201|0x00000006b6800000, 0x00000006b6800000, 0x00000006b6c00000|  0%| F|  |TAMS 0x00000006b6800000, 0x00000006b6800000| Untracked 
| 202|0x00000006b6c00000, 0x00000006b6c00000, 0x00000006b7000000|  0%| F|  |TAMS 0x00000006b6c00000, 0x00000006b6c00000| Untracked 
| 203|0x00000006b7000000, 0x00000006b7000000, 0x00000006b7400000|  0%| F|  |TAMS 0x00000006b7000000, 0x00000006b7000000| Untracked 
| 204|0x00000006b7400000, 0x00000006b7400000, 0x00000006b7800000|  0%| F|  |TAMS 0x00000006b7400000, 0x00000006b7400000| Untracked 
| 205|0x00000006b7800000, 0x00000006b7800000, 0x00000006b7c00000|  0%| F|  |TAMS 0x00000006b7800000, 0x00000006b7800000| Untracked 
| 206|0x00000006b7c00000, 0x00000006b7c00000, 0x00000006b8000000|  0%| F|  |TAMS 0x00000006b7c00000, 0x00000006b7c00000| Untracked 
| 207|0x00000006b8000000, 0x00000006b8000000, 0x00000006b8400000|  0%| F|  |TAMS 0x00000006b8000000, 0x00000006b8000000| Untracked 
| 208|0x00000006b8400000, 0x00000006b8400000, 0x00000006b8800000|  0%| F|  |TAMS 0x00000006b8400000, 0x00000006b8400000| Untracked 
| 209|0x00000006b8800000, 0x00000006b8800000, 0x00000006b8c00000|  0%| F|  |TAMS 0x00000006b8800000, 0x00000006b8800000| Untracked 
| 210|0x00000006b8c00000, 0x00000006b8c00000, 0x00000006b9000000|  0%| F|  |TAMS 0x00000006b8c00000, 0x00000006b8c00000| Untracked 
| 211|0x00000006b9000000, 0x00000006b9000000, 0x00000006b9400000|  0%| F|  |TAMS 0x00000006b9000000, 0x00000006b9000000| Untracked 
| 212|0x00000006b9400000, 0x00000006b9400000, 0x00000006b9800000|  0%| F|  |TAMS 0x00000006b9400000, 0x00000006b9400000| Untracked 
| 213|0x00000006b9800000, 0x00000006b9800000, 0x00000006b9c00000|  0%| F|  |TAMS 0x00000006b9800000, 0x00000006b9800000| Untracked 
| 214|0x00000006b9c00000, 0x00000006b9c00000, 0x00000006ba000000|  0%| F|  |TAMS 0x00000006b9c00000, 0x00000006b9c00000| Untracked 
| 215|0x00000006ba000000, 0x00000006ba000000, 0x00000006ba400000|  0%| F|  |TAMS 0x00000006ba000000, 0x00000006ba000000| Untracked 
| 216|0x00000006ba400000, 0x00000006ba400000, 0x00000006ba800000|  0%| F|  |TAMS 0x00000006ba400000, 0x00000006ba400000| Untracked 
| 217|0x00000006ba800000, 0x00000006ba800000, 0x00000006bac00000|  0%| F|  |TAMS 0x00000006ba800000, 0x00000006ba800000| Untracked 
| 218|0x00000006bac00000, 0x00000006bac00000, 0x00000006bb000000|  0%| F|  |TAMS 0x00000006bac00000, 0x00000006bac00000| Untracked 

Card table byte_map: [0x0000019566240000,0x0000019566e20000] _byte_map_base: 0x0000019562e1e000

Marking Bits (Prev, Next): (CMBitMap*) 0x000001955ad46900, (CMBitMap*) 0x000001955ad468c0
 Prev Bits: [0x000001956d8f0000, 0x00000195737e0000)
 Next Bits: [0x0000019567a00000, 0x000001956d8f0000)

Polling page: 0x0000019558c60000

Metaspace:

Usage:
  Non-class:     48.35 MB used.
      Class:      7.85 MB used.
       Both:     56.20 MB used.

Virtual space:
  Non-class space:       64.00 MB reserved,      48.62 MB ( 76%) committed,  1 nodes.
      Class space:        1.00 GB reserved,       8.06 MB ( <1%) committed,  1 nodes.
             Both:        1.06 GB reserved,      56.69 MB (  5%) committed. 

Chunk freelists:
   Non-Class:  15.31 MB
       Class:  7.82 MB
        Both:  23.13 MB

MaxMetaspaceSize: unlimited
CompressedClassSpaceSize: 1.00 GB
Initial GC threshold: 21.00 MB
Current GC threshold: 66.81 MB
CDS: on
MetaspaceReclaimPolicy: balanced
 - commit_granule_bytes: 65536.
 - commit_granule_words: 8192.
 - virtual_space_node_default_size: 8388608.
 - enlarge_chunks_in_place: 1.
 - new_chunks_are_fully_committed: 0.
 - uncommit_free_chunks: 1.
 - use_allocation_guard: 0.
 - handle_deallocations: 1.


Internal statistics:

num_allocs_failed_limit: 9.
num_arena_births: 810.
num_arena_deaths: 0.
num_vsnodes_births: 2.
num_vsnodes_deaths: 0.
num_space_committed: 907.
num_space_uncommitted: 0.
num_chunks_returned_to_freelist: 9.
num_chunks_taken_from_freelist: 2870.
num_chunk_merges: 9.
num_chunk_splits: 2089.
num_chunks_enlarged: 1618.
num_inconsistent_stats: 0.

CodeCache: size=49152Kb used=9089Kb max_used=9549Kb free=40062Kb
 bounds [0x0000019562550000, 0x0000019562eb0000, 0x0000019565550000]
 total_blobs=5512 nmethods=4914 adapters=525
 compilation: enabled
              stopped_count=0, restarted_count=0
 full_count=0

Compilation events (20 events):
Event: 29.271 Thread 0x0000019576392d40 4905       1       org.example.ridinginfomation.fit.Decode$Accumulator::<init> (21 bytes)
Event: 29.271 Thread 0x0000019576392d40 nmethod 4905 0x0000019562781e90 code [0x0000019562782020, 0x0000019562782278]
Event: 29.271 Thread 0x0000019576392d40 4906       1       org.example.ridinginfomation.fit.Decode::nextFile (57 bytes)
Event: 29.271 Thread 0x0000019576392d40 nmethod 4906 0x0000019562781a90 code [0x0000019562781c20, 0x0000019562781dd8]
Event: 29.271 Thread 0x0000019576392d40 4907       1       org.example.ridinginfomation.fit.MesgBroadcaster::<init> (1374 bytes)
Event: 29.275 Thread 0x0000019576392d40 nmethod 4907 0x0000019562776890 code [0x0000019562777200, 0x0000019562780de8]
Event: 29.275 Thread 0x0000019576392d40 4908       1       org.example.ridinginfomation.fit.BufferedRecordMesgBroadcaster::<init> (27 bytes)
Event: 29.275 Thread 0x0000019576392d40 nmethod 4908 0x0000019562776290 code [0x0000019562776440, 0x0000019562776758]
Event: 29.275 Thread 0x0000019576392d40 4909       1       org.example.ridinginfomation.fit.BufferedRecordMesg::<init> (5 bytes)
Event: 29.275 Thread 0x0000019576392d40 nmethod 4909 0x0000019562775f10 code [0x00000195627760c0, 0x00000195627761b8]
Event: 29.275 Thread 0x0000019576392d40 4910       1       org.example.ridinginfomation.fit.RecordMesg::<init> (10 bytes)
Event: 29.275 Thread 0x0000019576392d40 nmethod 4910 0x0000019562775b90 code [0x0000019562775d40, 0x0000019562775e38]
Event: 30.388 Thread 0x0000019576392d40 4911       1       sun.nio.cs.UTF_8$Encoder::encodeArrayLoopSlow (377 bytes)
Event: 30.389 Thread 0x0000019576392d40 nmethod 4911 0x0000019562774490 code [0x00000195627747e0, 0x0000019562775388]
Event: 31.002 Thread 0x0000019576392d40 4912       1       java.lang.StringUTF16::inflate (42 bytes)
Event: 31.002 Thread 0x0000019576392d40 nmethod 4912 0x0000019562774010 code [0x00000195627741a0, 0x0000019562774308]
Event: 31.222 Thread 0x0000019576392d40 4913       1       java.util.concurrent.ThreadPoolExecutor::runStateAtLeast (11 bytes)
Event: 31.222 Thread 0x0000019576392d40 nmethod 4913 0x0000019562773d10 code [0x0000019562773ea0, 0x0000019562773f58]
Event: 32.220 Thread 0x0000019576392d40 4914       1       java.lang.System::lineSeparator (4 bytes)
Event: 32.220 Thread 0x0000019576392d40 nmethod 4914 0x0000019562773a10 code [0x0000019562773ba0, 0x0000019562773c58]

GC Heap History (20 events):
Event: 27.244 GC heap after
{Heap after GC invocations=78 (full 0):
 garbage-first heap   total 745472K, used 47927K [0x0000000684400000, 0x0000000800000000)
  region size 4096K, 5 young (20480K), 5 survivors (20480K)
 Metaspace       used 57544K, committed 58048K, reserved 1114112K
  class space    used 8039K, committed 8256K, reserved 1048576K
}
Event: 27.709 GC heap before
{Heap before GC invocations=78 (full 0):
 garbage-first heap   total 745472K, used 482103K [0x0000000684400000, 0x0000000800000000)
  region size 4096K, 109 young (446464K), 5 survivors (20480K)
 Metaspace       used 57544K, committed 58048K, reserved 1114112K
  class space    used 8039K, committed 8256K, reserved 1048576K
}
Event: 27.717 GC heap after
{Heap after GC invocations=79 (full 0):
 garbage-first heap   total 745472K, used 54555K [0x0000000684400000, 0x0000000800000000)
  region size 4096K, 4 young (16384K), 4 survivors (16384K)
 Metaspace       used 57544K, committed 58048K, reserved 1114112K
  class space    used 8039K, committed 8256K, reserved 1048576K
}
Event: 28.217 GC heap before
{Heap before GC invocations=79 (full 0):
 garbage-first heap   total 745472K, used 484635K [0x0000000684400000, 0x0000000800000000)
  region size 4096K, 109 young (446464K), 4 survivors (16384K)
 Metaspace       used 57544K, committed 58048K, reserved 1114112K
  class space    used 8039K, committed 8256K, reserved 1048576K
}
Event: 28.237 GC heap after
{Heap after GC invocations=80 (full 0):
 garbage-first heap   total 745472K, used 56038K [0x0000000684400000, 0x0000000800000000)
  region size 4096K, 5 young (20480K), 5 survivors (20480K)
 Metaspace       used 57544K, committed 58048K, reserved 1114112K
  class space    used 8039K, committed 8256K, reserved 1048576K
}
Event: 28.652 GC heap before
{Heap before GC invocations=80 (full 0):
 garbage-first heap   total 745472K, used 482022K [0x0000000684400000, 0x0000000800000000)
  region size 4096K, 109 young (446464K), 5 survivors (20480K)
 Metaspace       used 57544K, committed 58048K, reserved 1114112K
  class space    used 8039K, committed 8256K, reserved 1048576K
}
Event: 28.660 GC heap after
{Heap after GC invocations=81 (full 0):
 garbage-first heap   total 745472K, used 57722K [0x0000000684400000, 0x0000000800000000)
  region size 4096K, 5 young (20480K), 5 survivors (20480K)
 Metaspace       used 57544K, committed 58048K, reserved 1114112K
  class space    used 8039K, committed 8256K, reserved 1048576K
}
Event: 29.066 GC heap before
{Heap before GC invocations=81 (full 0):
 garbage-first heap   total 745472K, used 483706K [0x0000000684400000, 0x0000000800000000)
  region size 4096K, 109 young (446464K), 5 survivors (20480K)
 Metaspace       used 57544K, committed 58048K, reserved 1114112K
  class space    used 8039K, committed 8256K, reserved 1048576K
}
Event: 29.075 GC heap after
{Heap after GC invocations=82 (full 0):
 garbage-first heap   total 897024K, used 59897K [0x0000000684400000, 0x0000000800000000)
  region size 4096K, 5 young (20480K), 5 survivors (20480K)
 Metaspace       used 57544K, committed 58048K, reserved 1114112K
  class space    used 8039K, committed 8256K, reserved 1048576K
}
Event: 29.566 GC heap before
{Heap before GC invocations=82 (full 0):
 garbage-first heap   total 897024K, used 575993K [0x0000000684400000, 0x0000000800000000)
  region size 4096K, 131 young (536576K), 5 survivors (20480K)
 Metaspace       used 57544K, committed 58048K, reserved 1114112K
  class space    used 8039K, committed 8256K, reserved 1048576K
}
Event: 29.576 GC heap after
{Heap after GC invocations=83 (full 0):
 garbage-first heap   total 897024K, used 60810K [0x0000000684400000, 0x0000000800000000)
  region size 4096K, 5 young (20480K), 5 survivors (20480K)
 Metaspace       used 57544K, committed 58048K, reserved 1114112K
  class space    used 8039K, committed 8256K, reserved 1048576K
}
Event: 30.268 GC heap before
{Heap before GC invocations=83 (full 0):
 garbage-first heap   total 897024K, used 585098K [0x0000000684400000, 0x0000000800000000)
  region size 4096K, 131 young (536576K), 5 survivors (20480K)
 Metaspace       used 57544K, committed 58048K, reserved 1114112K
  class space    used 8039K, committed 8256K, reserved 1048576K
}
Event: 30.285 GC heap after
{Heap after GC invocations=84 (full 0):
 garbage-first heap   total 897024K, used 71825K [0x0000000684400000, 0x0000000800000000)
  region size 4096K, 6 young (24576K), 6 survivors (24576K)
 Metaspace       used 57544K, committed 58048K, reserved 1114112K
  class space    used 8039K, committed 8256K, reserved 1048576K
}
Event: 30.685 GC heap before
{Heap before GC invocations=84 (full 0):
 garbage-first heap   total 897024K, used 583825K [0x0000000684400000, 0x0000000800000000)
  region size 4096K, 131 young (536576K), 6 survivors (24576K)
 Metaspace       used 57544K, committed 58048K, reserved 1114112K
  class space    used 8039K, committed 8256K, reserved 1048576K
}
Event: 30.696 GC heap after
{Heap after GC invocations=85 (full 0):
 garbage-first heap   total 897024K, used 72415K [0x0000000684400000, 0x0000000800000000)
  region size 4096K, 6 young (24576K), 6 survivors (24576K)
 Metaspace       used 57544K, committed 58048K, reserved 1114112K
  class space    used 8039K, committed 8256K, reserved 1048576K
}
Event: 31.166 GC heap before
{Heap before GC invocations=85 (full 0):
 garbage-first heap   total 897024K, used 584415K [0x0000000684400000, 0x0000000800000000)
  region size 4096K, 131 young (536576K), 6 survivors (24576K)
 Metaspace       used 57545K, committed 58048K, reserved 1114112K
  class space    used 8039K, committed 8256K, reserved 1048576K
}
Event: 31.178 GC heap after
{Heap after GC invocations=86 (full 0):
 garbage-first heap   total 897024K, used 74869K [0x0000000684400000, 0x0000000800000000)
  region size 4096K, 6 young (24576K), 6 survivors (24576K)
 Metaspace       used 57545K, committed 58048K, reserved 1114112K
  class space    used 8039K, committed 8256K, reserved 1048576K
}
Event: 31.602 GC heap before
{Heap before GC invocations=86 (full 0):
 garbage-first heap   total 897024K, used 586869K [0x0000000684400000, 0x0000000800000000)
  region size 4096K, 131 young (536576K), 6 survivors (24576K)
 Metaspace       used 57545K, committed 58048K, reserved 1114112K
  class space    used 8039K, committed 8256K, reserved 1048576K
}
Event: 31.614 GC heap after
{Heap after GC invocations=87 (full 0):
 garbage-first heap   total 897024K, used 76469K [0x0000000684400000, 0x0000000800000000)
  region size 4096K, 6 young (24576K), 6 survivors (24576K)
 Metaspace       used 57545K, committed 58048K, reserved 1114112K
  class space    used 8039K, committed 8256K, reserved 1048576K
}
Event: 32.274 GC heap before
{Heap before GC invocations=87 (full 0):
 garbage-first heap   total 897024K, used 588469K [0x0000000684400000, 0x0000000800000000)
  region size 4096K, 131 young (536576K), 6 survivors (24576K)
 Metaspace       used 57545K, committed 58048K, reserved 1114112K
  class space    used 8039K, committed 8256K, reserved 1048576K
}

Deoptimization events (0 events):
No events

Classes unloaded (0 events):
No events

Classes redefined (0 events):
No events

Internal exceptions (20 events):
Event: 7.224 Thread 0x0000019576e85790 Exception <a 'java/lang/reflect/InvocationTargetException'{0x0000000692803990}> (0x0000000692803990) 
thrown [s\open\src\hotspot\share\runtime\reflection.cpp, line 1121]
Event: 7.730 Thread 0x0000019576e85790 Exception <a 'java/lang/reflect/InvocationTargetException'{0x000000068ee06680}> (0x000000068ee06680) 
thrown [s\open\src\hotspot\share\runtime\reflection.cpp, line 1121]
Event: 8.237 Thread 0x0000019576e85790 Exception <a 'java/lang/reflect/InvocationTargetException'{0x0000000697a029b8}> (0x0000000697a029b8) 
thrown [s\open\src\hotspot\share\runtime\reflection.cpp, line 1121]
Event: 8.745 Thread 0x0000019576e85790 Exception <a 'java/lang/reflect/InvocationTargetException'{0x0000000692a0cef8}> (0x0000000692a0cef8) 
thrown [s\open\src\hotspot\share\runtime\reflection.cpp, line 1121]
Event: 10.750 Thread 0x000001955acbb1b0 Exception <a 'sun/nio/fs/WindowsException'{0x0000000695b81110}> (0x0000000695b81110) 
thrown [s\open\src\hotspot\share\prims\jni.cpp, line 516]
Event: 10.790 Thread 0x000001955acbb1b0 Exception <a 'java/lang/IncompatibleClassChangeError'{0x000000069503c7a0}: Found class java.lang.Object, but interface was expected> (0x000000069503c7a0) 
thrown [s\open\src\hotspot\share\interpreter\linkResolver.cpp, line 826]
Event: 10.835 Thread 0x000001955acbb1b0 Exception <a 'java/lang/NoSuchMethodError'{0x0000000695232068}: 'void java.lang.invoke.DirectMethodHandle$Holder.invokeVirtual(java.lang.Object, java.lang.Object, long)'> (0x0000000695232068) 
thrown [s\open\src\hotspot\share\interpreter\linkResolver.cpp, line 759]
Event: 10.873 Thread 0x000001955acbb1b0 Exception <a 'java/lang/NoSuchMethodError'{0x0000000694cadf90}: 'int java.lang.invoke.DirectMethodHandle$Holder.invokeStaticInit(java.lang.Object, java.lang.Object, java.lang.Object, java.lang.Object)'> (0x0000000694cadf90) 
thrown [s\open\src\hotspot\share\interpreter\linkResolver.cpp, line 759]
Event: 10.922 Thread 0x000001955acbb1b0 Exception <a 'java/lang/IncompatibleClassChangeError'{0x0000000694f9a150}: Found class java.lang.Object, but interface was expected> (0x0000000694f9a150) 
thrown [s\open\src\hotspot\share\interpreter\linkResolver.cpp, line 826]
Event: 10.940 Thread 0x000001955acbb1b0 Exception <a 'sun/nio/fs/WindowsException'{0x0000000694902378}> (0x0000000694902378) 
thrown [s\open\src\hotspot\share\prims\jni.cpp, line 516]
Event: 10.941 Thread 0x000001955acbb1b0 Exception <a 'java/lang/IncompatibleClassChangeError'{0x000000069490af20}: Found class java.lang.Object, but interface was expected> (0x000000069490af20) 
thrown [s\open\src\hotspot\share\interpreter\linkResolver.cpp, line 826]
Event: 10.961 Thread 0x000001955acbb1b0 Exception <a 'java/lang/IncompatibleClassChangeError'{0x0000000694a320b8}: Found class java.lang.Object, but interface was expected> (0x0000000694a320b8) 
thrown [s\open\src\hotspot\share\interpreter\linkResolver.cpp, line 826]
Event: 10.989 Thread 0x000001955acbb1b0 Exception <a 'java/lang/IncompatibleClassChangeError'{0x0000000694b93040}: Found class java.lang.Object, but interface was expected> (0x0000000694b93040) 
thrown [s\open\src\hotspot\share\interpreter\linkResolver.cpp, line 826]
Event: 11.015 Thread 0x000001955acbb1b0 Exception <a 'java/lang/IncompatibleClassChangeError'{0x0000000694511b58}: Found class java.lang.Object, but interface was expected> (0x0000000694511b58) 
thrown [s\open\src\hotspot\share\interpreter\linkResolver.cpp, line 826]
Event: 11.088 Thread 0x000001955acbb1b0 Exception <a 'java/lang/NoSuchMethodError'{0x00000006942e4c58}: 'java.lang.Object java.lang.invoke.DirectMethodHandle$Holder.invokeSpecial(java.lang.Object, java.lang.Object, java.lang.Object, java.lang.Object, java.lang.Object, java.lang.Object, java.lang.Object, java.lang.Object, java.lang.Object, java.lang.Object, java.lang.Object)'> (0x00000006942e4c58) 
thrown [s\open\src\hotspot\share\interpreter\linkResolver.cpp, line 759]
Event: 11.089 Thread 0x000001955acbb1b0 Exception <a 'java/lang/NoSuchMethodError'{0x00000006942e9428}: 'java.lang.Object java.lang.invoke.Invokers$Holder.invoke_MT(java.lang.Object, java.lang.Object, java.lang.Object, java.lang.Object, java.lang.Object, java.lang.Object, java.lang.Object, java.lang.Object, java.lang.Object, java.lang.Object, java.lang.Object)'> (0x00000006942e9428) 
thrown [s\open\src\hotspot\share\interpreter\linkResolver.cpp, line 759]
Event: 11.110 Thread 0x000001955acbb1b0 Exception <a 'java/lang/IncompatibleClassChangeError'{0x0000000693c06090}: Found class java.lang.Object, but interface was expected> (0x0000000693c06090) 
thrown [s\open\src\hotspot\share\interpreter\linkResolver.cpp, line 826]
Event: 11.196 Thread 0x000001955acbb1b0 Exception <a 'java/lang/NoSuchMethodError'{0x0000000693fae800}: 'java.lang.Object java.lang.invoke.DirectMethodHandle$Holder.newInvokeSpecial(java.lang.Object, java.lang.Object, int, java.lang.Object, java.lang.Object)'> (0x0000000693fae800) 
thrown [s\open\src\hotspot\share\interpreter\linkResolver.cpp, line 759]
Event: 20.553 Thread 0x000001957bcf9310 Exception <a 'java/lang/NoSuchMethodError'{0x00000006923764f0}: 'java.lang.Object java.lang.invoke.DirectMethodHandle$Holder.invokeSpecial(java.lang.Object, java.lang.Object, java.lang.Object, java.lang.Object, java.lang.Object, long)'> (0x00000006923764f0) 
thrown [s\open\src\hotspot\share\interpreter\linkResolver.cpp, line 759]
Event: 20.554 Thread 0x000001957bcf9310 Exception <a 'java/lang/NoSuchMethodError'{0x0000000692379f30}: 'java.lang.Object java.lang.invoke.Invokers$Holder.linkToTargetMethod(java.lang.Object, java.lang.Object, java.lang.Object, long, java.lang.Object)'> (0x0000000692379f30) 
thrown [s\open\src\hotspot\share\interpreter\linkResolver.cpp, line 759]

VM Operations (20 events):
Event: 27.244 Executing VM operation: G1CollectForAllocation done
Event: 27.709 Executing VM operation: G1CollectForAllocation
Event: 27.717 Executing VM operation: G1CollectForAllocation done
Event: 28.217 Executing VM operation: G1CollectForAllocation
Event: 28.237 Executing VM operation: G1CollectForAllocation done
Event: 28.652 Executing VM operation: G1CollectForAllocation
Event: 28.660 Executing VM operation: G1CollectForAllocation done
Event: 29.066 Executing VM operation: G1CollectForAllocation
Event: 29.075 Executing VM operation: G1CollectForAllocation done
Event: 29.566 Executing VM operation: G1CollectForAllocation
Event: 29.576 Executing VM operation: G1CollectForAllocation done
Event: 30.268 Executing VM operation: G1CollectForAllocation
Event: 30.285 Executing VM operation: G1CollectForAllocation done
Event: 30.685 Executing VM operation: G1CollectForAllocation
Event: 30.696 Executing VM operation: G1CollectForAllocation done
Event: 31.166 Executing VM operation: G1CollectForAllocation
Event: 31.178 Executing VM operation: G1CollectForAllocation done
Event: 31.602 Executing VM operation: G1CollectForAllocation
Event: 31.614 Executing VM operation: G1CollectForAllocation done
Event: 32.274 Executing VM operation: G1CollectForAllocation

Events (20 events):
Event: 20.557 loading class sun/nio/cs/ThreadLocalCoders$2
Event: 20.557 loading class sun/nio/cs/ThreadLocalCoders$2 done
Event: 20.615 loading class java/time/format/DateTimeFormatterBuilder$ZoneTextPrinterParser
Event: 20.615 loading class java/time/format/DateTimeFormatterBuilder$ZoneTextPrinterParser done
Event: 20.615 loading class java/time/format/DateTimeFormatterBuilder$ReducedPrinterParser
Event: 20.616 loading class java/time/format/DateTimeFormatterBuilder$ReducedPrinterParser done
Event: 20.693 loading class java/util/OptionalLong
Event: 20.694 loading class java/util/OptionalLong done
Event: 20.694 loading class java/util/OptionalDouble
Event: 20.694 loading class java/util/OptionalDouble done
Event: 20.705 loading class java/util/AbstractMap$SimpleEntry
Event: 20.705 loading class java/util/AbstractMap$SimpleEntry done
Event: 20.724 loading class java/util/stream/LongStream
Event: 20.724 loading class java/util/stream/LongStream done
Event: 20.724 loading class java/util/stream/DoubleStream
Event: 20.724 loading class java/util/stream/DoubleStream done
Event: 20.738 loading class org/w3c/dom/Document
Event: 20.738 loading class org/w3c/dom/Document done
Event: 20.760 Thread 0x000001957c405080 Thread added: 0x000001957c405080
Event: 22.981 Thread 0x000001957c405080 Thread exited: 0x000001957c405080


Dynamic libraries:
0x00007ff7d3d40000 - 0x00007ff7d3d50000 	C:\Program Files\Java\jdk-17\bin\java.exe
0x00007fff3b950000 - 0x00007fff3bb67000 	C:\WINDOWS\SYSTEM32\ntdll.dll
0x00007fff3a640000 - 0x00007fff3a704000 	C:\WINDOWS\System32\KERNEL32.DLL
0x00007fff38b10000 - 0x00007fff38ee1000 	C:\WINDOWS\System32\KERNELBASE.dll
0x00007fff392b0000 - 0x00007fff393c1000 	C:\WINDOWS\System32\ucrtbase.dll
0x00007fff2e410000 - 0x00007fff2e42b000 	C:\Program Files\Java\jdk-17\bin\VCRUNTIME140.dll
0x00007fff220b0000 - 0x00007fff220c9000 	C:\Program Files\Java\jdk-17\bin\jli.dll
0x00007fff3a950000 - 0x00007fff3aa01000 	C:\WINDOWS\System32\ADVAPI32.dll
0x00007fff3aa60000 - 0x00007fff3ab07000 	C:\WINDOWS\System32\msvcrt.dll
0x00007fff3b690000 - 0x00007fff3b737000 	C:\WINDOWS\System32\sechost.dll
0x00007fff39400000 - 0x00007fff39428000 	C:\WINDOWS\System32\bcrypt.dll
0x00007fff396a0000 - 0x00007fff397b4000 	C:\WINDOWS\System32\RPCRT4.dll
0x00007fff3ae30000 - 0x00007fff3afe1000 	C:\WINDOWS\System32\USER32.dll
0x00007fff393d0000 - 0x00007fff393f6000 	C:\WINDOWS\System32\win32u.dll
0x00007fff3b040000 - 0x00007fff3b069000 	C:\WINDOWS\System32\GDI32.dll
0x00007fff38fb0000 - 0x00007fff390cb000 	C:\WINDOWS\System32\gdi32full.dll
0x00007fff390d0000 - 0x00007fff3916a000 	C:\WINDOWS\System32\msvcp_win.dll
0x00007fff22530000 - 0x00007fff227c2000 	C:\WINDOWS\WinSxS\amd64_microsoft.windows.common-controls_6595b64144ccf1df_6.0.22621.4830_none_270fe7d773858e80\COMCTL32.dll
0x00007fff315f0000 - 0x00007fff315fa000 	C:\WINDOWS\SYSTEM32\VERSION.dll
0x00007fff3aa10000 - 0x00007fff3aa41000 	C:\WINDOWS\System32\IMM32.DLL
0x00007fff1f980000 - 0x00007fff1f98c000 	C:\Program Files\Java\jdk-17\bin\vcruntime140_1.dll
0x00007fff17350000 - 0x00007fff173de000 	C:\Program Files\Java\jdk-17\bin\msvcp140.dll
0x00007ffeb2df0000 - 0x00007ffeb39cf000 	C:\Program Files\Java\jdk-17\bin\server\jvm.dll
0x00007fff3a710000 - 0x00007fff3a718000 	C:\WINDOWS\System32\PSAPI.DLL
0x00007fff31ab0000 - 0x00007fff31ae4000 	C:\WINDOWS\SYSTEM32\WINMM.dll
0x00007fff1dbf0000 - 0x00007fff1dbf9000 	C:\WINDOWS\SYSTEM32\WSOCK32.dll
0x00007fff3ac20000 - 0x00007fff3ac91000 	C:\WINDOWS\System32\WS2_32.dll
0x00007fff37b90000 - 0x00007fff37ba8000 	C:\WINDOWS\SYSTEM32\kernel.appcore.dll
0x00007fff1f970000 - 0x00007fff1f97a000 	C:\Program Files\Java\jdk-17\bin\jimage.dll
0x00007fff36220000 - 0x00007fff36452000 	C:\WINDOWS\SYSTEM32\DBGHELP.DLL
0x00007fff3b0f0000 - 0x00007fff3b480000 	C:\WINDOWS\System32\combase.dll
0x00007fff39cd0000 - 0x00007fff39da7000 	C:\WINDOWS\System32\OLEAUT32.dll
0x00007fff22fb0000 - 0x00007fff22fe2000 	C:\WINDOWS\SYSTEM32\dbgcore.DLL
0x00007fff39430000 - 0x00007fff394ab000 	C:\WINDOWS\System32\bcryptPrimitives.dll
0x00007fff2f4d0000 - 0x00007fff2f4de000 	C:\Program Files\Java\jdk-17\bin\instrument.dll
0x00007fff1f460000 - 0x00007fff1f485000 	C:\Program Files\Java\jdk-17\bin\java.dll
0x00007ffee80d0000 - 0x00007ffee81a7000 	C:\Program Files\Java\jdk-17\bin\jsvml.dll
0x00007fff39db0000 - 0x00007fff3a638000 	C:\WINDOWS\System32\SHELL32.dll
0x00007fff39170000 - 0x00007fff392af000 	C:\WINDOWS\System32\wintypes.dll
0x00007fff369b0000 - 0x00007fff372bd000 	C:\WINDOWS\SYSTEM32\windows.storage.dll
0x00007fff3ab10000 - 0x00007fff3ac1a000 	C:\WINDOWS\System32\SHCORE.dll
0x00007fff3acb0000 - 0x00007fff3ad0e000 	C:\WINDOWS\System32\shlwapi.dll
0x00007fff389c0000 - 0x00007fff389eb000 	C:\WINDOWS\SYSTEM32\profapi.dll
0x00007fff1f440000 - 0x00007fff1f458000 	C:\Program Files\Java\jdk-17\bin\zip.dll
0x00007fff1f700000 - 0x00007fff1f719000 	C:\Program Files\Java\jdk-17\bin\net.dll
0x00007fff32b50000 - 0x00007fff32c7c000 	C:\WINDOWS\SYSTEM32\WINHTTP.dll
0x00007fff37ff0000 - 0x00007fff3805a000 	C:\WINDOWS\system32\mswsock.dll
0x00007fff1f4a0000 - 0x00007fff1f4b6000 	C:\Program Files\Java\jdk-17\bin\nio.dll
0x00007fff1f910000 - 0x00007fff1f92a000 	C:\Program Files\JetBrains\IntelliJ IDEA 2024.1\bin\breakgen64.dll
0x00007fff37600000 - 0x00007fff37702000 	C:\WINDOWS\SYSTEM32\DNSAPI.dll
0x00007fff37590000 - 0x00007fff375bd000 	C:\WINDOWS\SYSTEM32\IPHLPAPI.DLL
0x00007fff3aca0000 - 0x00007fff3aca9000 	C:\WINDOWS\System32\NSI.dll
0x00007fff31630000 - 0x00007fff3163a000 	C:\Windows\System32\rasadhlp.dll
0x00007fff31640000 - 0x00007fff316c3000 	C:\WINDOWS\System32\fwpuclnt.dll
0x00007fff1f570000 - 0x00007fff1f57a000 	C:\Program Files\Java\jdk-17\bin\management.dll
0x00007fff1eca0000 - 0x00007fff1ecab000 	C:\Program Files\Java\jdk-17\bin\management_ext.dll
0x00007fff38340000 - 0x00007fff3835b000 	C:\WINDOWS\SYSTEM32\CRYPTSP.dll
0x00007fff37af0000 - 0x00007fff37b27000 	C:\WINDOWS\system32\rsaenh.dll
0x00007fff38090000 - 0x00007fff380b8000 	C:\WINDOWS\SYSTEM32\USERENV.dll
0x00007fff38320000 - 0x00007fff3832c000 	C:\WINDOWS\SYSTEM32\CRYPTBASE.dll
0x00007fff32010000 - 0x00007fff32029000 	C:\WINDOWS\SYSTEM32\dhcpcsvc6.DLL
0x00007fff31ff0000 - 0x00007fff3200f000 	C:\WINDOWS\SYSTEM32\dhcpcsvc.DLL
0x00007fff17ee0000 - 0x00007fff17ef7000 	C:\WINDOWS\system32\napinsp.dll
0x00007fff17ec0000 - 0x00007fff17edb000 	C:\WINDOWS\system32\pnrpnsp.dll
0x00007fff17ea0000 - 0x00007fff17eb1000 	C:\WINDOWS\System32\winrnr.dll
0x00007fff17e80000 - 0x00007fff17e95000 	C:\WINDOWS\system32\wshbth.dll
0x00007fff17e50000 - 0x00007fff17e77000 	C:\WINDOWS\system32\nlansp_c.dll
0x00007fff1ec90000 - 0x00007fff1ec9e000 	C:\Program Files\Java\jdk-17\bin\sunmscapi.dll
0x00007fff394b0000 - 0x00007fff39616000 	C:\WINDOWS\System32\CRYPT32.dll
0x00007fff38430000 - 0x00007fff3845d000 	C:\WINDOWS\SYSTEM32\ncrypt.dll
0x00007fff383f0000 - 0x00007fff38427000 	C:\WINDOWS\SYSTEM32\NTASN1.dll
0x00007fff2f480000 - 0x00007fff2f490000 	C:\Program Files\Java\jdk-17\bin\verify.dll
0x00007ffeeb200000 - 0x00007ffeeb208000 	C:\WINDOWS\system32\wshunix.dll

dbghelp: loaded successfully - version: 4.0.5 - missing functions: none
symbol engine: initialized successfully - sym options: 0x614 - pdb path: .;C:\Program Files\Java\jdk-17\bin;C:\WINDOWS\SYSTEM32;C:\WINDOWS\WinSxS\amd64_microsoft.windows.common-controls_6595b64144ccf1df_6.0.22621.4830_none_270fe7d773858e80;C:\Program Files\Java\jdk-17\bin\server;C:\Program Files\JetBrains\IntelliJ IDEA 2024.1\bin

VM Arguments:
jvm_args: -Dfile.encoding=UTF-8 -XX:TieredStopAtLevel=1 -Dspring.output.ansi.enabled=always -Dcom.sun.management.jmxremote -Dspring.jmx.enabled=true -Dspring.liveBeansView.mbeanDomain -Dspring.application.admin.enabled=true -Dmanagement.endpoints.jmx.exposure.include=* -javaagent:C:\Program Files\JetBrains\IntelliJ IDEA 2024.1\lib\idea_rt.jar=57122:C:\Program Files\JetBrains\IntelliJ IDEA 2024.1\bin -Dfile.encoding=UTF-8 
java_command: org.example.ridinginfomation.Garmin.FitReaderApplication
java_class_path (initial): D:\development\project\RidingInfomation\build\classes\java\main;D:\development\project\RidingInfomation\build\resources\main;C:\Users\sooyeolpark\.gradle\caches\modules-2\files-2.1\org.projectlombok\lombok\1.18.36\5a30490a6e14977d97d9c73c924c1f1b5311ea95\lombok-1.18.36.jar;C:\Users\sooyeolpark\.gradle\caches\modules-2\files-2.1\org.springframework.boot\spring-boot-starter-data-jdbc\3.4.4\d640ae78444b62e35e03c378278cc75886f054f8\spring-boot-starter-data-jdbc-3.4.4.jar;C:\Users\sooyeolpark\.gradle\caches\modules-2\files-2.1\org.springframework.boot\spring-boot-starter-data-jpa\3.4.4\7e0ab04a0aa460295c7a2e485c7809a733469824\spring-boot-starter-data-jpa-3.4.4.jar;C:\Users\sooyeolpark\.gradle\caches\modules-2\files-2.1\org.springframework.boot\spring-boot-starter-web-services\3.4.4\a6eeb62ec9bd5e95fe94a3c6d772c7bbfceb8ffd\spring-boot-starter-web-services-3.4.4.jar;C:\Users\sooyeolpark\.gradle\caches\modules-2\files-2.1\org.springframework.boot\spring-boot-starter-web\3.4.4\441c0c71f38783c1d34b8bac5f06f1fa6b103274\spring-boot-starter-web-3.4.4.jar;C:\Users\sooyeolpark\.gradle\caches\modules-2\files-2.1\org.springframework.boot\spring-boot-starter-jdbc\3.4.4\c1059487b20babd2e0552d285d64d3cb655d0c4d\spring-boot-starter-jdbc-3.4.4.jar;C:\Users\sooyeolpark\.gradle\caches\modules-2\files-2.1\org.springframework.data\spring-data-jdbc\3.4.4\23bdac8dbe381b59b7b8b579df0b926f9505947c\spring-data-jdbc-3.4.4.jar;C:\Users\sooyeolpark\.gradle\caches\modules-2\files-2.1\org.springframework.boot\spring-boot-starter\3.4.4\6ad00ebe69a28a5c1c97f80f81920d65e0e4250b\spring-boot-starter-3.4.4.jar;C:\Users\sooyeolpark\.gradle\caches\modules-2\files-2.1\org.hibernate.orm\hibernate-core\6.6.11.Final\d5330ab0dd5f5cc810086b7fb66cec8b2d2f5213\hibernate-core-6.6.11.Final.jar;C:\Users\sooyeolpark\.gradle\caches\modules-2\files-2.1\org.springframework.data\spring-data-jpa\3.4.4\50f826d0dd60af289321bde6f5eea8fc48131c75\spring-data-jpa-3.4.4.jar;C:\Users\sooyeolpark\.gradle\c
Launcher Type: SUN_STANDARD

[Global flags]
     intx CICompilerCount                          = 4                                         {product} {ergonomic}
     uint ConcGCThreads                            = 2                                         {product} {ergonomic}
     uint G1ConcRefinementThreads                  = 8                                         {product} {ergonomic}
   size_t G1HeapRegionSize                         = 4194304                                   {product} {ergonomic}
    uintx GCDrainStackTargetSize                   = 64                                        {product} {ergonomic}
   size_t InitialHeapSize                          = 398458880                                 {product} {ergonomic}
     bool ManagementServer                         = true                                      {product} {command line}
   size_t MarkStackSize                            = 4194304                                   {product} {ergonomic}
   size_t MaxHeapSize                              = 6371147776                                {product} {ergonomic}
   size_t MaxNewSize                               = 3821010944                                {product} {ergonomic}
   size_t MinHeapDeltaBytes                        = 4194304                                   {product} {ergonomic}
   size_t MinHeapSize                              = 8388608                                   {product} {ergonomic}
    uintx NonProfiledCodeHeapSize                  = 0                                      {pd product} {ergonomic}
     bool ProfileInterpreter                       = false                                  {pd product} {command line}
    uintx ProfiledCodeHeapSize                     = 0                                      {pd product} {ergonomic}
   size_t SoftMaxHeapSize                          = 6371147776                             {manageable} {ergonomic}
     intx TieredStopAtLevel                        = 1                                         {product} {command line}
     bool UseCompressedClassPointers               = true                           {product lp64_product} {ergonomic}
     bool UseCompressedOops                        = true                           {product lp64_product} {ergonomic}
     bool UseG1GC                                  = true                                      {product} {ergonomic}
     bool UseLargePagesIndividualAllocation        = false                                  {pd product} {ergonomic}

Logging:
Log output configuration:
 #0: stdout all=warning uptime,level,tags
 #1: stderr all=off uptime,level,tags

Environment Variables:
JAVA_HOME=C:\Program Files\Java\jdk-1.8\jdk-17
JAVA_TOOL_OPTIONS=-Dfile.encoding=UTF-8
CLASSPATH=C:\Program Files\Java\jdk-1.8\jdk-17\lib
PATH=C:\Program Files (x86)\VMware\VMware Player\bin\;C:\Program Files\Java\jdk-1.8\jdk-17\bin;C:\Program Files\Common Files\Oracle\Java\javapath;C:\Program Files (x86)\Common Files\Oracle\Java\java8path;C:\Program Files (x86)\Common Files\Oracle\Java\javapath;C:\WINDOWS\system32;C:\WINDOWS;C:\WINDOWS\System32\Wbem;C:\WINDOWS\System32\WindowsPowerShell\v1.0\;C:\WINDOWS\System32\OpenSSH\;C:\Program Files\Git\cmd;C:\src\flutter\bin\\bin;C:\Users\sooyeolpark\Desktop\development\sdk\platform-tools;C:\Program Files\PostgreSQL\10\bin;C:\TmaxSoft\JEUS8_5\bin;C:\TmaxSoft\JEUS8_5\lib\system;C:\TmaxSoft\JEUS8_5\webserver\bin;D:\protoc-21.8-win64\bin;C:\Program Files\dotnet\;C:\Program Files\Google\Chrome\Application\chrome.exe;C:\Program Files\OpenSSL-Win64\bin;D:\ffmpeg-2024-09-22-git-a577d313b2-full_build\bin;C:\Users\sooyeolpark\AppData\Local\Programs\Python\Python39\Scripts\pip3.exe;C:\Users\sooyeolpark\AppData\Local\Programs\Python\Python39\Scripts\;C:\Users\sooyeolpark\AppData\Roaming\nvm;C:\Program Files\nodejs;C:\Program Files\Bandizip\;C:\Users\sooyeolpark\AppData\Local\Programs\Python\Python39\Scripts;C:\Users\sooyeolpark\AppData\Local\Programs\Python\Python39;D:\ffmpeg-master-latest-win64-gpl\bin;C:\Program Files\Docker\Docker\resources\bin;C:\ffmpeg\bin;C:\Users\sooyeolpark\Desktop\gpx\grpcurl_1.8.6_windows_x86_64\;C:\Program Files\PuTTY\;C:\src\flutter\bin\;C:\Program Files\protoc-27.3-osx-x86_64\bin;C:\Users\sooyeolpark\AppData\Local\Pub\Cache\bin;C:\Program Files\nodejs\;C:\Program Files\nodejs;C:\TmaxSoft\JEUS8_5\bin;C:\TmaxSoft\JEUS8_5\lib\system;C:\TmaxSoft\JEUS8_5\webserver\bin;C:\Users\sooyeolpark\Desktop\development\server\Jeus\bin;C:\Users\sooyeolpark\Desktop\development\server\Jeus\lib\system;C:\Users\sooyeolpark\Desktop\development\server\Jeus\webserver\bin;C:\Users\sooyeolpark\AppData\Local\Microsoft\WindowsApps;C:\Users\sooyeolpark\AppData\Local\GitHubDesktop\bin;C:\Users\sooyeolpark\AppData\Local\Muse Hub\lib;C:\Users\sooyeolpark\AppData\Roaming\nvm;C:
USERNAME=sooyeolpark
OS=Windows_NT
PROCESSOR_IDENTIFIER=Intel64 Family 6 Model 140 Stepping 1, GenuineIntel



---------------  S Y S T E M  ---------------

OS:
 Windows 11 , 64 bit Build 22621 (10.0.22621.4974)
OS uptime: 1 days 6:28 hours
Hyper-V role detected

CPU: total 8 (initial active 8) (4 cores per cpu, 2 threads per core) family 6 model 140 stepping 1 microcode 0x8a, cx8, cmov, fxsr, ht, mmx, 3dnowpref, sse, sse2, sse3, ssse3, sse4.1, sse4.2, popcnt, lzcnt, tsc, tscinvbit, avx, avx2, aes, erms, clmul, bmi1, bmi2, adx, avx512f, avx512dq, avx512cd, avx512bw, avx512vl, sha, fma, vzeroupper, avx512_vpopcntdq, avx512_vpclmulqdq, avx512_vaes, avx512_vnni, clflush, clflushopt, clwb, avx512_vbmi2, avx512_vbmi, hv

Memory: 4k page, system-wide physical 24299M (5062M free)
TotalPageFile size 24299M (AvailPageFile size 19M)
current process WorkingSet (physical memory assigned to process): 1013M, peak: 1015M
current process commit charge ("private bytes"): 1078M, peak: 1253M

vm_info: Java HotSpot(TM) 64-Bit Server VM (17.0.10+11-LTS-240) for windows-amd64 JRE (17.0.10+11-LTS-240), built on Dec 19 2023 21:47:25 by "mach5one" with MS VC++ 17.1 (VS2022)

END.
